Arguments: 
  C:\Program Files\nodejs\node.exe C:\Program Files (x86)\Yarn\bin\yarn.js publish

PATH: 
  C:\Program Files\Git\mingw64\bin;C:\Program Files\Git\usr\bin;C:\Users\uliss\bin;C:\ProgramData\Oracle\Java\javapath;C:\Windows\system32;C:\Windows;C:\Windows\System32\Wbem;C:\Windows\System32\WindowsPowerShell\v1.0;C:\ProgramData\chocolatey\bin;C:\Program Files\nodejs;C:\Program Files (x86)\Yarn\bin;C:\Program Files (x86)\vim\vim80;D:\HashiCorp\Vagrant\bin;C:\tools\go\bin;C:\Users\uliss\AppData\Local\Microsoft\WindowsApps;C:\Program Files\Microsoft VS Code\bin;C:\Users\uliss\AppData\Roaming\npm;C:\Users\uliss\AppData\Local\Yarn\bin;C:\Program Files\Docker Toolbox;C:\Users\uliss\AppData\Local\atom\bin

Yarn version: 
  1.5.1

Node version: 
  9.8.0

Platform: 
  win32 x64

npm manifest: 
  {
    "name": "eslint-config-caonUlisses",
    "version": "1.0.0",
    "main": "index.js",
    "license": "MIT",
    "peerDependencies": {
      "babel-cli": "^6.26.0",
      "babel-eslint": "^8.2.2",
      "babel-preset-flow": "^6.23.0",
      "eslint": "^4.19.0",
      "eslint-config-airbnb-base": "^12.1.0",
      "eslint-plugin-import": "^2.9.0",
      "eslint-plugin-flowtype": "^2.46.1"
    }
  }

yarn manifest: 
  No manifest

Lockfile: 
  # THIS IS AN AUTOGENERATED FILE. DO NOT EDIT THIS FILE DIRECTLY.
  # yarn lockfile v1

Trace: 
  Error: https://registry.yarnpkg.com/eslint-config-caonUlisses: "eslint-config-caonUlisses" is invalid for new packages
      at Request.params.callback [as _callback] (C:\Program Files (x86)\Yarn\lib\cli.js:65019:18)
      at Request.self.callback (C:\Program Files (x86)\Yarn\lib\cli.js:132430:22)
      at Request.emit (events.js:180:13)
      at Request.<anonymous> (C:\Program Files (x86)\Yarn\lib\cli.js:133413:10)
      at Request.emit (events.js:180:13)
      at IncomingMessage.<anonymous> (C:\Program Files (x86)\Yarn\lib\cli.js:133333:12)
      at Object.onceWrapper (events.js:272:13)
      at IncomingMessage.emit (events.js:185:15)
      at endReadableNT (_stream_readable.js:1101:12)
      at process._tickCallback (internal/process/next_tick.js:114:19)
